<?xml version="1.0" encoding="UTF-8"?>
<!-- Generated by org.testng.reporters.JUnitXMLReporter -->
<testsuite ignored="0" hostname="DESKTOP-TPFM1J6" failures="1" tests="1" name="Default test" time="84.151" errors="0" timestamp="2024-09-13T16:52:52 IST">
  <testcase classname="io.cucumber.testng.AbstractTestNGCucumberTests" name="runScenario" time="83.726">
    <failure type="java.lang.NullPointerException" message="Cannot invoke &amp;quot;org.openqa.selenium.support.ui.WebDriverWait.until(java.util.function.Function)&amp;quot; because &amp;quot;StepDefinitions.LoginStepsDefinition.wait&amp;quot; is null">
      <![CDATA[java.lang.NullPointerException: Cannot invoke "org.openqa.selenium.support.ui.WebDriverWait.until(java.util.function.Function)" because "StepDefinitions.LoginStepsDefinition.wait" is null
at StepDefinitions.LoginStepsDefinition.Click_on_Book_Store_Application(LoginStepsDefinition.java:35)
at âœ½.Click on Book Store Application(file:///C:/Users/Admin/Downloads/Sujeet/src/test/resources/features/Login.feature:5)
]]>
    </failure>
  </testcase> <!-- runScenario -->
</testsuite> <!-- Default test -->
