<?xml version="1.0" encoding="UTF-8"?>
<!-- Generated by org.testng.reporters.JUnitReportReporter -->
<testsuite hostname="DESKTOP-TPFM1J6" failures="0" tests="1" name="TestRunner.CucumberTestRunner" time="83.726" errors="1" timestamp="2024-09-13T16:52:52 IST" skipped="0">
  <testcase classname="TestRunner.CucumberTestRunner" name="runScenario" time="83.726">
    <error message="Cannot invoke &quot;org.openqa.selenium.support.ui.WebDriverWait.until(java.util.function.Function)&quot; because &quot;StepDefinitions.LoginStepsDefinition.wait&quot; is null" type="java.lang.NullPointerException">
      <![CDATA[java.lang.NullPointerException: Cannot invoke "org.openqa.selenium.support.ui.WebDriverWait.until(java.util.function.Function)" because "StepDefinitions.LoginStepsDefinition.wait" is null
at StepDefinitions.LoginStepsDefinition.Click_on_Book_Store_Application(LoginStepsDefinition.java:35)
at âœ½.Click on Book Store Application(file:///C:/Users/Admin/Downloads/Sujeet/src/test/resources/features/Login.feature:5)
]]>
    </error>
  </testcase> <!-- runScenario -->
</testsuite> <!-- TestRunner.CucumberTestRunner -->
